{"/Users/maurolucchini/Desktop/code/did-auth/src/DIDAuth.ts": {"path":"/Users/maurolucchini/Desktop/code/did-auth/src/DIDAuth.ts","statementMap":{"0":{"start":{"line":5,"column":0},"end":{"line":5,"column":null}},"1":{"start":{"line":6,"column":2},"end":{"line":6,"column":null}},"2":{"start":{"line":9,"column":0},"end":{"line":9,"column":null}},"3":{"start":{"line":10,"column":2},"end":{"line":10,"column":null}},"4":{"start":{"line":13,"column":0},"end":{"line":13,"column":null}},"5":{"start":{"line":14,"column":2},"end":{"line":14,"column":null}},"6":{"start":{"line":15,"column":2},"end":{"line":15,"column":null}},"7":{"start":{"line":18,"column":0},"end":{"line":18,"column":null}},"8":{"start":{"line":19,"column":2},"end":{"line":19,"column":null}},"9":{"start":{"line":22,"column":0},"end":{"line":22,"column":null}},"10":{"start":{"line":23,"column":2},"end":{"line":23,"column":null}},"11":{"start":{"line":26,"column":0},"end":{"line":26,"column":null}},"12":{"start":{"line":27,"column":2},"end":{"line":27,"column":null}},"13":{"start":{"line":30,"column":13},"end":{"line":30,"column":37}}},"fnMap":{"0":{"name":"(anonymous_0)","decl":{"start":{"line":5,"column":0},"end":{"line":5,"column":12}},"loc":{"start":{"line":5,"column":28},"end":{"line":7,"column":1}}},"1":{"name":"(anonymous_1)","decl":{"start":{"line":9,"column":0},"end":{"line":9,"column":12}},"loc":{"start":{"line":9,"column":29},"end":{"line":11,"column":1}}},"2":{"name":"(anonymous_2)","decl":{"start":{"line":13,"column":0},"end":{"line":13,"column":12}},"loc":{"start":{"line":13,"column":28},"end":{"line":16,"column":1}}},"3":{"name":"(anonymous_3)","decl":{"start":{"line":18,"column":0},"end":{"line":18,"column":12}},"loc":{"start":{"line":18,"column":23},"end":{"line":20,"column":1}}},"4":{"name":"(anonymous_4)","decl":{"start":{"line":22,"column":0},"end":{"line":22,"column":12}},"loc":{"start":{"line":22,"column":30},"end":{"line":24,"column":1}}},"5":{"name":"(anonymous_5)","decl":{"start":{"line":26,"column":0},"end":{"line":26,"column":12}},"loc":{"start":{"line":26,"column":32},"end":{"line":28,"column":1}}}},"branchMap":{"0":{"loc":{"start":{"line":5,"column":12},"end":{"line":5,"column":28}},"type":"binary-expr","locations":[{"start":{"line":5,"column":12},"end":{"line":5,"column":28}},{"start":{"line":5,"column":12},"end":{"line":5,"column":null}}]},"1":{"loc":{"start":{"line":9,"column":12},"end":{"line":9,"column":29}},"type":"binary-expr","locations":[{"start":{"line":9,"column":12},"end":{"line":9,"column":29}},{"start":{"line":9,"column":12},"end":{"line":9,"column":null}}]},"2":{"loc":{"start":{"line":13,"column":12},"end":{"line":13,"column":28}},"type":"binary-expr","locations":[{"start":{"line":13,"column":12},"end":{"line":13,"column":28}},{"start":{"line":13,"column":12},"end":{"line":13,"column":null}}]},"3":{"loc":{"start":{"line":18,"column":12},"end":{"line":18,"column":23}},"type":"binary-expr","locations":[{"start":{"line":18,"column":12},"end":{"line":18,"column":23}},{"start":{"line":18,"column":12},"end":{"line":18,"column":null}}]},"4":{"loc":{"start":{"line":22,"column":12},"end":{"line":22,"column":30}},"type":"binary-expr","locations":[{"start":{"line":22,"column":12},"end":{"line":22,"column":30}},{"start":{"line":22,"column":12},"end":{"line":22,"column":null}}]},"5":{"loc":{"start":{"line":26,"column":12},"end":{"line":26,"column":32}},"type":"binary-expr","locations":[{"start":{"line":26,"column":12},"end":{"line":26,"column":32}},{"start":{"line":26,"column":12},"end":{"line":26,"column":null}}]}},"s":{"0":0,"1":0,"2":0,"3":0,"4":0,"5":0,"6":0,"7":0,"8":0,"9":0,"10":0,"11":0,"12":0,"13":0},"f":{"0":0,"1":0,"2":0,"3":0,"4":0,"5":0},"b":{"0":[0,0],"1":[0,0],"2":[0,0],"3":[0,0],"4":[0,0],"5":[0,0]}}
,"/Users/maurolucchini/Desktop/code/did-auth/src/Errors.ts": {"path":"/Users/maurolucchini/Desktop/code/did-auth/src/Errors.ts","statementMap":{"0":{"start":{"line":1,"column":0},"end":{"line":1,"column":null}},"1":{"start":{"line":2,"column":2},"end":{"line":2,"column":null}},"2":{"start":{"line":3,"column":2},"end":{"line":3,"column":null}},"3":{"start":{"line":4,"column":2},"end":{"line":4,"column":null}},"4":{"start":{"line":5,"column":2},"end":{"line":5,"column":null}},"5":{"start":{"line":6,"column":2},"end":{"line":6,"column":null}},"6":{"start":{"line":7,"column":2},"end":{"line":7,"column":null}},"7":{"start":{"line":8,"column":2},"end":{"line":8,"column":null}},"8":{"start":{"line":9,"column":2},"end":{"line":9,"column":null}},"9":{"start":{"line":10,"column":2},"end":{"line":10,"column":null}},"10":{"start":{"line":11,"column":2},"end":{"line":11,"column":null}},"11":{"start":{"line":14,"column":0},"end":{"line":14,"column":30}}},"fnMap":{"0":{"name":"(anonymous_0)","decl":{"start":{"line":1,"column":0},"end":{"line":1,"column":5}},"loc":{"start":{"line":1,"column":19},"end":{"line":12,"column":1}}}},"branchMap":{"0":{"loc":{"start":{"line":1,"column":5},"end":{"line":1,"column":19}},"type":"binary-expr","locations":[{"start":{"line":1,"column":5},"end":{"line":1,"column":19}},{"start":{"line":1,"column":5},"end":{"line":1,"column":null}}]}},"s":{"0":0,"1":0,"2":0,"3":0,"4":0,"5":0,"6":0,"7":0,"8":0,"9":0,"10":0,"11":0},"f":{"0":0},"b":{"0":[0,0]}}
,"/Users/maurolucchini/Desktop/code/did-auth/src/VidDIDAuth.ts": {"path":"/Users/maurolucchini/Desktop/code/did-auth/src/VidDIDAuth.ts","statementMap":{"0":{"start":{"line":1,"column":0},"end":{"line":1,"column":72}},"1":{"start":{"line":2,"column":0},"end":{"line":2,"column":40}},"2":{"start":{"line":3,"column":0},"end":{"line":3,"column":36}},"3":{"start":{"line":4,"column":0},"end":{"line":4,"column":null}},"4":{"start":{"line":18,"column":0},"end":{"line":18,"column":38}},"5":{"start":{"line":19,"column":0},"end":{"line":19,"column":null}},"6":{"start":{"line":29,"column":23},"end":{"line":29,"column":64}},"7":{"start":{"line":39,"column":4},"end":{"line":40,"column":49}},"8":{"start":{"line":40,"column":6},"end":{"line":40,"column":49}},"9":{"start":{"line":41,"column":27},"end":{"line":42,"column":null}},"10":{"start":{"line":44,"column":24},"end":{"line":44,"column":205}},"11":{"start":{"line":46,"column":4},"end":{"line":46,"column":44}},"12":{"start":{"line":56,"column":4},"end":{"line":57,"column":49}},"13":{"start":{"line":57,"column":6},"end":{"line":57,"column":49}},"14":{"start":{"line":58,"column":4},"end":{"line":59,"column":62}},"15":{"start":{"line":59,"column":6},"end":{"line":59,"column":62}},"16":{"start":{"line":60,"column":4},"end":{"line":61,"column":59}},"17":{"start":{"line":61,"column":6},"end":{"line":61,"column":59}},"18":{"start":{"line":62,"column":6},"end":{"line":62,"column":43}},"19":{"start":{"line":63,"column":43},"end":{"line":64,"column":null}},"20":{"start":{"line":66,"column":4},"end":{"line":66,"column":42}},"21":{"start":{"line":68,"column":16},"end":{"line":71,"column":null}},"22":{"start":{"line":73,"column":4},"end":{"line":73,"column":41}},"23":{"start":{"line":88,"column":38},"end":{"line":96,"column":6}},"24":{"start":{"line":97,"column":37},"end":{"line":97,"column":73}},"25":{"start":{"line":98,"column":4},"end":{"line":99,"column":60}},"26":{"start":{"line":99,"column":6},"end":{"line":99,"column":60}},"27":{"start":{"line":100,"column":4},"end":{"line":100,"column":31}},"28":{"start":{"line":110,"column":4},"end":{"line":117,"column":49}},"29":{"start":{"line":117,"column":6},"end":{"line":117,"column":49}},"30":{"start":{"line":119,"column":44},"end":{"line":120,"column":null}},"31":{"start":{"line":123,"column":16},"end":{"line":126,"column":null}},"32":{"start":{"line":128,"column":4},"end":{"line":128,"column":15}},"33":{"start":{"line":142,"column":17},"end":{"line":144,"column":6}},"34":{"start":{"line":145,"column":4},"end":{"line":151,"column":null}},"35":{"start":{"line":146,"column":23},"end":{"line":146,"column":77}},"36":{"start":{"line":147,"column":6},"end":{"line":148,"column":62}},"37":{"start":{"line":148,"column":8},"end":{"line":148,"column":62}},"38":{"start":{"line":150,"column":6},"end":{"line":150,"column":60}},"39":{"start":{"line":153,"column":24},"end":{"line":153,"column":45}},"40":{"start":{"line":154,"column":4},"end":{"line":155,"column":57}},"41":{"start":{"line":155,"column":6},"end":{"line":155,"column":57}},"42":{"start":{"line":157,"column":4},"end":{"line":159,"column":6}},"43":{"start":{"line":165,"column":24},"end":{"line":165,"column":51}},"44":{"start":{"line":166,"column":4},"end":{"line":172,"column":6}},"45":{"start":{"line":178,"column":4},"end":{"line":184,"column":6}},"46":{"start":{"line":193,"column":30},"end":{"line":197,"column":6}},"47":{"start":{"line":198,"column":21},"end":{"line":206,"column":null}},"48":{"start":{"line":208,"column":4},"end":{"line":208,"column":20}},"49":{"start":{"line":216,"column":17},"end":{"line":221,"column":6}},"50":{"start":{"line":222,"column":21},"end":{"line":222,"column":78}},"51":{"start":{"line":223,"column":4},"end":{"line":231,"column":67}},"52":{"start":{"line":231,"column":6},"end":{"line":231,"column":67}},"53":{"start":{"line":232,"column":4},"end":{"line":232,"column":29}},"54":{"start":{"line":236,"column":21},"end":{"line":236,"column":61}},"55":{"start":{"line":237,"column":4},"end":{"line":243,"column":6}},"56":{"start":{"line":247,"column":16},"end":{"line":247,"column":42}},"57":{"start":{"line":248,"column":19},"end":{"line":253,"column":6}},"58":{"start":{"line":254,"column":23},"end":{"line":255,"column":null}},"59":{"start":{"line":257,"column":4},"end":{"line":257,"column":22}},"60":{"start":{"line":261,"column":24},"end":{"line":261,"column":38}},"61":{"start":{"line":262,"column":4},"end":{"line":262,"column":62}},"62":{"start":{"line":262,"column":18},"end":{"line":262,"column":62}},"63":{"start":{"line":263,"column":4},"end":{"line":263,"column":39}},"64":{"start":{"line":263,"column":22},"end":{"line":263,"column":39}},"65":{"start":{"line":264,"column":4},"end":{"line":265,"column":55}},"66":{"start":{"line":265,"column":6},"end":{"line":265,"column":55}},"67":{"start":{"line":266,"column":4},"end":{"line":266,"column":23}},"68":{"start":{"line":31,"column":0},"end":{"line":31,"column":21}}},"fnMap":{"0":{"name":"(anonymous_1)","decl":{"start":{"line":36,"column":2},"end":{"line":36,"column":8}},"loc":{"start":{"line":37,"column":42},"end":{"line":47,"column":3}}},"1":{"name":"(anonymous_2)","decl":{"start":{"line":53,"column":2},"end":{"line":53,"column":8}},"loc":{"start":{"line":54,"column":42},"end":{"line":74,"column":3}}},"2":{"name":"(anonymous_3)","decl":{"start":{"line":82,"column":2},"end":{"line":82,"column":8}},"loc":{"start":{"line":85,"column":18},"end":{"line":101,"column":3}}},"3":{"name":"(anonymous_4)","decl":{"start":{"line":107,"column":2},"end":{"line":107,"column":8}},"loc":{"start":{"line":108,"column":44},"end":{"line":129,"column":3}}},"4":{"name":"(anonymous_5)","decl":{"start":{"line":136,"column":2},"end":{"line":136,"column":8}},"loc":{"start":{"line":140,"column":17},"end":{"line":160,"column":3}}},"5":{"name":"(anonymous_6)","decl":{"start":{"line":162,"column":10},"end":{"line":162,"column":16}},"loc":{"start":{"line":163,"column":29},"end":{"line":173,"column":3}}},"6":{"name":"(anonymous_7)","decl":{"start":{"line":175,"column":10},"end":{"line":175,"column":16}},"loc":{"start":{"line":176,"column":30},"end":{"line":185,"column":3}}},"7":{"name":"(anonymous_8)","decl":{"start":{"line":187,"column":2},"end":{"line":187,"column":8}},"loc":{"start":{"line":190,"column":25},"end":{"line":209,"column":3}}},"8":{"name":"(anonymous_9)","decl":{"start":{"line":211,"column":2},"end":{"line":211,"column":8}},"loc":{"start":{"line":214,"column":22},"end":{"line":233,"column":3}}},"9":{"name":"(anonymous_10)","decl":{"start":{"line":235,"column":10},"end":{"line":235,"column":16}},"loc":{"start":{"line":235,"column":59},"end":{"line":244,"column":3}}},"10":{"name":"(anonymous_11)","decl":{"start":{"line":246,"column":10},"end":{"line":246,"column":16}},"loc":{"start":{"line":246,"column":52},"end":{"line":258,"column":3}}},"11":{"name":"(anonymous_12)","decl":{"start":{"line":260,"column":2},"end":{"line":260,"column":8}},"loc":{"start":{"line":260,"column":32},"end":{"line":267,"column":3}}}},"branchMap":{"0":{"loc":{"start":{"line":39,"column":4},"end":{"line":40,"column":49}},"type":"if","locations":[{"start":{"line":39,"column":4},"end":{"line":40,"column":49}},{"start":{"line":39,"column":4},"end":{"line":40,"column":49}}]},"1":{"loc":{"start":{"line":39,"column":8},"end":{"line":39,"column":27}},"type":"binary-expr","locations":[{"start":{"line":39,"column":8},"end":{"line":39,"column":27}},{"start":{"line":39,"column":31},"end":{"line":39,"column":62}}]},"2":{"loc":{"start":{"line":56,"column":4},"end":{"line":57,"column":49}},"type":"if","locations":[{"start":{"line":56,"column":4},"end":{"line":57,"column":49}},{"start":{"line":56,"column":4},"end":{"line":57,"column":49}}]},"3":{"loc":{"start":{"line":56,"column":8},"end":{"line":56,"column":27}},"type":"binary-expr","locations":[{"start":{"line":56,"column":8},"end":{"line":56,"column":27}},{"start":{"line":56,"column":31},"end":{"line":56,"column":62}}]},"4":{"loc":{"start":{"line":58,"column":4},"end":{"line":59,"column":62}},"type":"if","locations":[{"start":{"line":58,"column":4},"end":{"line":59,"column":62}},{"start":{"line":58,"column":4},"end":{"line":59,"column":62}}]},"5":{"loc":{"start":{"line":60,"column":4},"end":{"line":61,"column":59}},"type":"if","locations":[{"start":{"line":60,"column":4},"end":{"line":61,"column":59}},{"start":{"line":60,"column":4},"end":{"line":61,"column":59}}]},"6":{"loc":{"start":{"line":98,"column":4},"end":{"line":99,"column":60}},"type":"if","locations":[{"start":{"line":98,"column":4},"end":{"line":99,"column":60}},{"start":{"line":98,"column":4},"end":{"line":99,"column":60}}]},"7":{"loc":{"start":{"line":98,"column":8},"end":{"line":98,"column":20}},"type":"binary-expr","locations":[{"start":{"line":98,"column":8},"end":{"line":98,"column":20}},{"start":{"line":98,"column":24},"end":{"line":98,"column":44}}]},"8":{"loc":{"start":{"line":110,"column":4},"end":{"line":117,"column":49}},"type":"if","locations":[{"start":{"line":110,"column":4},"end":{"line":117,"column":49}},{"start":{"line":110,"column":4},"end":{"line":117,"column":49}}]},"9":{"loc":{"start":{"line":111,"column":6},"end":{"line":111,"column":26}},"type":"binary-expr","locations":[{"start":{"line":111,"column":6},"end":{"line":111,"column":26}},{"start":{"line":112,"column":6},"end":{"line":112,"column":40}},{"start":{"line":113,"column":6},"end":{"line":113,"column":30}},{"start":{"line":114,"column":6},"end":{"line":114,"column":32}},{"start":{"line":115,"column":6},"end":{"line":115,"column":38}}]},"10":{"loc":{"start":{"line":147,"column":6},"end":{"line":148,"column":62}},"type":"if","locations":[{"start":{"line":147,"column":6},"end":{"line":148,"column":62}},{"start":{"line":147,"column":6},"end":{"line":148,"column":62}}]},"11":{"loc":{"start":{"line":147,"column":10},"end":{"line":147,"column":19}},"type":"binary-expr","locations":[{"start":{"line":147,"column":10},"end":{"line":147,"column":19}},{"start":{"line":147,"column":23},"end":{"line":147,"column":39}},{"start":{"line":147,"column":43},"end":{"line":147,"column":66}}]},"12":{"loc":{"start":{"line":154,"column":4},"end":{"line":155,"column":57}},"type":"if","locations":[{"start":{"line":154,"column":4},"end":{"line":155,"column":57}},{"start":{"line":154,"column":4},"end":{"line":155,"column":57}}]},"13":{"loc":{"start":{"line":223,"column":4},"end":{"line":231,"column":67}},"type":"if","locations":[{"start":{"line":223,"column":4},"end":{"line":231,"column":67}},{"start":{"line":223,"column":4},"end":{"line":231,"column":67}}]},"14":{"loc":{"start":{"line":224,"column":6},"end":{"line":224,"column":15}},"type":"binary-expr","locations":[{"start":{"line":224,"column":6},"end":{"line":224,"column":15}},{"start":{"line":225,"column":6},"end":{"line":225,"column":22}},{"start":{"line":226,"column":7},"end":{"line":226,"column":30}},{"start":{"line":227,"column":6},"end":{"line":227,"column":29}},{"start":{"line":228,"column":6},"end":{"line":228,"column":20}},{"start":{"line":229,"column":6},"end":{"line":229,"column":24}}]},"15":{"loc":{"start":{"line":262,"column":4},"end":{"line":262,"column":62}},"type":"if","locations":[{"start":{"line":262,"column":4},"end":{"line":262,"column":62}},{"start":{"line":262,"column":4},"end":{"line":262,"column":62}}]},"16":{"loc":{"start":{"line":263,"column":4},"end":{"line":263,"column":39}},"type":"if","locations":[{"start":{"line":263,"column":4},"end":{"line":263,"column":39}},{"start":{"line":263,"column":4},"end":{"line":263,"column":39}}]},"17":{"loc":{"start":{"line":264,"column":4},"end":{"line":265,"column":55}},"type":"if","locations":[{"start":{"line":264,"column":4},"end":{"line":265,"column":55}},{"start":{"line":264,"column":4},"end":{"line":265,"column":55}}]}},"s":{"0":0,"1":0,"2":0,"3":0,"4":0,"5":0,"6":0,"7":0,"8":0,"9":0,"10":0,"11":0,"12":0,"13":0,"14":0,"15":0,"16":0,"17":0,"18":0,"19":0,"20":0,"21":0,"22":0,"23":0,"24":0,"25":0,"26":0,"27":0,"28":0,"29":0,"30":0,"31":0,"32":0,"33":0,"34":0,"35":0,"36":0,"37":0,"38":0,"39":0,"40":0,"41":0,"42":0,"43":0,"44":0,"45":0,"46":0,"47":0,"48":0,"49":0,"50":0,"51":0,"52":0,"53":0,"54":0,"55":0,"56":0,"57":0,"58":0,"59":0,"60":0,"61":0,"62":0,"63":0,"64":0,"65":0,"66":0,"67":0,"68":0},"f":{"0":0,"1":0,"2":0,"3":0,"4":0,"5":0,"6":0,"7":0,"8":0,"9":0,"10":0,"11":0},"b":{"0":[0,0],"1":[0,0],"2":[0,0],"3":[0,0],"4":[0,0],"5":[0,0],"6":[0,0],"7":[0,0],"8":[0,0],"9":[0,0,0,0,0],"10":[0,0],"11":[0,0,0],"12":[0,0],"13":[0,0],"14":[0,0,0,0,0,0],"15":[0,0],"16":[0,0],"17":[0,0]}}
,"/Users/maurolucchini/Desktop/code/did-auth/src/index.ts": {"path":"/Users/maurolucchini/Desktop/code/did-auth/src/index.ts","statementMap":{"0":{"start":{"line":1,"column":0},"end":{"line":1,"column":7}},"1":{"start":{"line":21,"column":9},"end":{"line":1,"column":38}},"2":{"start":{"line":2,"column":0},"end":{"line":2,"column":7}},"3":{"start":{"line":21,"column":21},"end":{"line":2,"column":38}},"4":{"start":{"line":4,"column":0},"end":{"line":4,"column":null}},"5":{"start":{"line":9,"column":2},"end":{"line":9,"column":null}},"6":{"start":{"line":10,"column":2},"end":{"line":10,"column":null}},"7":{"start":{"line":11,"column":2},"end":{"line":11,"column":null}},"8":{"start":{"line":12,"column":2},"end":{"line":12,"column":null}},"9":{"start":{"line":13,"column":2},"end":{"line":13,"column":null}},"10":{"start":{"line":14,"column":2},"end":{"line":14,"column":null}},"11":{"start":{"line":19,"column":0},"end":{"line":19,"column":9}},"12":{"start":{"line":19,"column":9},"end":{"line":19,"column":27}},"13":{"start":{"line":19,"column":27},"end":{"line":19,"column":42}},"14":{"start":{"line":19,"column":42},"end":{"line":19,"column":72}}},"fnMap":{"0":{"name":"(anonymous_1)","decl":{"start":{"line":9,"column":2},"end":{"line":9,"column":18}},"loc":{"start":{"line":9,"column":2},"end":{"line":9,"column":null}}},"1":{"name":"(anonymous_2)","decl":{"start":{"line":10,"column":2},"end":{"line":10,"column":19}},"loc":{"start":{"line":10,"column":2},"end":{"line":10,"column":null}}},"2":{"name":"(anonymous_3)","decl":{"start":{"line":11,"column":2},"end":{"line":11,"column":18}},"loc":{"start":{"line":11,"column":2},"end":{"line":11,"column":null}}},"3":{"name":"(anonymous_4)","decl":{"start":{"line":12,"column":2},"end":{"line":12,"column":13}},"loc":{"start":{"line":12,"column":2},"end":{"line":12,"column":null}}},"4":{"name":"(anonymous_5)","decl":{"start":{"line":13,"column":2},"end":{"line":13,"column":20}},"loc":{"start":{"line":13,"column":2},"end":{"line":13,"column":null}}},"5":{"name":"(anonymous_6)","decl":{"start":{"line":14,"column":2},"end":{"line":14,"column":22}},"loc":{"start":{"line":14,"column":2},"end":{"line":14,"column":null}}},"6":{"name":"(anonymous_7)","decl":{"start":{"line":19,"column":9},"end":{"line":19,"column":25}},"loc":{"start":{"line":19,"column":9},"end":{"line":19,"column":27}}},"7":{"name":"(anonymous_8)","decl":{"start":{"line":19,"column":27},"end":{"line":19,"column":40}},"loc":{"start":{"line":19,"column":27},"end":{"line":19,"column":42}}},"8":{"name":"(anonymous_9)","decl":{"start":{"line":19,"column":42},"end":{"line":19,"column":50}},"loc":{"start":{"line":19,"column":42},"end":{"line":19,"column":72}}}},"branchMap":{},"s":{"0":0,"1":0,"2":0,"3":0,"4":0,"5":0,"6":0,"7":0,"8":0,"9":0,"10":0,"11":0,"12":0,"13":0,"14":0},"f":{"0":0,"1":0,"2":0,"3":0,"4":0,"5":0,"6":0,"7":0,"8":0},"b":{}}
,"/Users/maurolucchini/Desktop/code/did-auth/src/util/Util.ts": {"path":"/Users/maurolucchini/Desktop/code/did-auth/src/util/Util.ts","statementMap":{"0":{"start":{"line":1,"column":0},"end":{"line":1,"column":36}},"1":{"start":{"line":2,"column":0},"end":{"line":2,"column":26}},"2":{"start":{"line":3,"column":0},"end":{"line":3,"column":32}},"3":{"start":{"line":4,"column":0},"end":{"line":4,"column":36}},"4":{"start":{"line":8,"column":2},"end":{"line":8,"column":18}},"5":{"start":{"line":66,"column":2},"end":{"line":66,"column":10}},"6":{"start":{"line":12,"column":2},"end":{"line":12,"column":53}},"7":{"start":{"line":16,"column":2},"end":{"line":16,"column":51}},"8":{"start":{"line":20,"column":2},"end":{"line":20,"column":38}},"9":{"start":{"line":68,"column":2},"end":{"line":68,"column":18}},"10":{"start":{"line":24,"column":2},"end":{"line":24,"column":35}},"11":{"start":{"line":28,"column":2},"end":{"line":28,"column":42}},"12":{"start":{"line":67,"column":2},"end":{"line":67,"column":15}},"13":{"start":{"line":31,"column":19},"end":{"line":33,"column":1}},"14":{"start":{"line":32,"column":2},"end":{"line":32,"column":74}},"15":{"start":{"line":35,"column":30},"end":{"line":37,"column":1}},"16":{"start":{"line":36,"column":2},"end":{"line":36,"column":44}},"17":{"start":{"line":70,"column":2},"end":{"line":70,"column":23}},"18":{"start":{"line":42,"column":13},"end":{"line":42,"column":32}},"19":{"start":{"line":43,"column":18},"end":{"line":43,"column":50}},"20":{"start":{"line":44,"column":19},"end":{"line":44,"column":38}},"21":{"start":{"line":45,"column":2},"end":{"line":48,"column":4}},"22":{"start":{"line":71,"column":2},"end":{"line":71,"column":27}},"23":{"start":{"line":56,"column":17},"end":{"line":60,"column":4}},"24":{"start":{"line":61,"column":19},"end":{"line":61,"column":54}},"25":{"start":{"line":62,"column":2},"end":{"line":62,"column":18}},"26":{"start":{"line":69,"column":2},"end":{"line":69,"column":21}}},"fnMap":{"0":{"name":"getNonce","decl":{"start":{"line":7,"column":9},"end":{"line":7,"column":17}},"loc":{"start":{"line":7,"column":17},"end":{"line":9,"column":1}}},"1":{"name":"toHex","decl":{"start":{"line":11,"column":9},"end":{"line":11,"column":14}},"loc":{"start":{"line":11,"column":27},"end":{"line":13,"column":1}}},"2":{"name":"getEthWallet","decl":{"start":{"line":15,"column":9},"end":{"line":15,"column":21}},"loc":{"start":{"line":15,"column":34},"end":{"line":17,"column":1}}},"3":{"name":"getHexPrivateKey","decl":{"start":{"line":19,"column":9},"end":{"line":19,"column":25}},"loc":{"start":{"line":19,"column":38},"end":{"line":21,"column":1}}},"4":{"name":"getEthAddress","decl":{"start":{"line":23,"column":9},"end":{"line":23,"column":22}},"loc":{"start":{"line":23,"column":37},"end":{"line":25,"column":1}}},"5":{"name":"getDIDFromKey","decl":{"start":{"line":27,"column":9},"end":{"line":27,"column":22}},"loc":{"start":{"line":27,"column":37},"end":{"line":29,"column":1}}},"6":{"name":"(anonymous_7)","decl":{"start":{"line":31,"column":19},"end":{"line":31,"column":20}},"loc":{"start":{"line":31,"column":38},"end":{"line":33,"column":1}}},"7":{"name":"(anonymous_8)","decl":{"start":{"line":35,"column":30},"end":{"line":35,"column":31}},"loc":{"start":{"line":35,"column":75},"end":{"line":37,"column":1}}},"8":{"name":"getECKeyfromHexPrivateKey","decl":{"start":{"line":39,"column":9},"end":{"line":39,"column":34}},"loc":{"start":{"line":40,"column":23},"end":{"line":49,"column":1}}},"9":{"name":"doPostCallWithToken","decl":{"start":{"line":51,"column":15},"end":{"line":51,"column":34}},"loc":{"start":{"line":54,"column":15},"end":{"line":63,"column":1}}}},"branchMap":{},"s":{"0":0,"1":0,"2":0,"3":0,"4":0,"5":0,"6":0,"7":0,"8":0,"9":0,"10":0,"11":0,"12":0,"13":0,"14":0,"15":0,"16":0,"17":0,"18":0,"19":0,"20":0,"21":0,"22":0,"23":0,"24":0,"25":0,"26":0},"f":{"0":0,"1":0,"2":0,"3":0,"4":0,"5":0,"6":0,"7":0,"8":0,"9":0},"b":{}}
}
